<?xml version="1.0" encoding="UTF-8"?>
<testsuite xmlns:xsi="http://www.w3.org/2001/XMLSchema-instance" xsi:noNamespaceSchemaLocation="https://maven.apache.org/surefire/maven-surefire-plugin/xsd/surefire-test-report-3.0.xsd" version="3.0" name="com.exchange.service.OrderBookServiceTest" time="0.094" tests="18" errors="0" skipped="0" failures="0">
  <properties>
[...]
</properties>
  <testcase name="testValidationFails_InvalidData" classname="com.exchange.service.OrderBookServiceTest" time="0.057"/>
  <testcase name="testDebit_Successful" classname="com.exchange.service.OrderBookServiceTest" time="0.002"/>
  <testcase name="testPlaceSellOrder_SufficientBalance" classname="com.exchange.service.OrderBookServiceTest" time="0.001"/>
  <testcase name="testCancelOrder_Sell" classname="com.exchange.service.OrderBookServiceTest" time="0.002"/>
  <testcase name="testDebit_InsufficientBalance_ThrowsException" classname="com.exchange.service.OrderBookServiceTest" time="0.002"/>
  <testcase name="testValidationFails_MissingBalance" classname="com.exchange.service.OrderBookServiceTest" time="0"/>
  <testcase name="testCancelOrder_Buy" classname="com.exchange.service.OrderBookServiceTest" time="0"/>
  <testcase name="testOrderMatching" classname="com.exchange.service.OrderBookServiceTest" time="0"/>
  <testcase name="testRegisterAccount_Valid" classname="com.exchange.service.OrderBookServiceTest" time="0"/>
  <testcase name="testPlaceOrder_QuantityZero_ThrowsException" classname="com.exchange.service.OrderBookServiceTest" time="0.001"/>
  <testcase name="testPlaceOrder_PriceNegative_ThrowsException" classname="com.exchange.service.OrderBookServiceTest" time="0.001"/>
  <testcase name="testPlaceOrder_PriceZero_ThrowsException" classname="com.exchange.service.OrderBookServiceTest" time="0"/>
  <testcase name="testPlaceOrder_UnregisteredAccount_ThrowsException" classname="com.exchange.service.OrderBookServiceTest" time="0.001"/>
  <testcase name="testPlaceBuyOrder_SufficientBalance" classname="com.exchange.service.OrderBookServiceTest" time="0"/>
  <testcase name="testRegisterAccount_Invalid" classname="com.exchange.service.OrderBookServiceTest" time="0.001"/>
  <testcase name="testGetOpenOrders" classname="com.exchange.service.OrderBookServiceTest" time="0.001"/>
  <testcase name="testDebit_AccountNotFound_ThrowsException" classname="com.exchange.service.OrderBookServiceTest" time="0.001"/>
  <testcase name="testPlaceOrder_QuantityNegative_ThrowsException" classname="com.exchange.service.OrderBookServiceTest" time="0.001"/>
</testsuite>